<?xml version="1.0" encoding="UTF-8"?>
<!-- Generated by org.testng.reporters.JUnitXMLReporter -->
<testsuite ignored="1" hostname="jarvis-007" failures="0" tests="3" name="Default test" time="3.281" errors="0" timestamp="08 Jul 2019 11:48:41 GMT">
  <testcase classname="restAssured.LibApi" name="postLibrary" time="2.907"/>
  <testcase classname="restAssured.LibApi" name="postLibrary" time="0.153"/>
  <testcase classname="restAssured.LibApi" name="postLibrary" time="0.16"/>
  <testcase classname="restAssured.LibApi" name="getLibrary" time="0.0">
    <ignored/>
  </testcase> <!-- getLibrary -->
</testsuite> <!-- Default test -->
