<?xml version="1.0" encoding="UTF-8"?>
<testng-results ignored="1" total="4" passed="3" failed="0" skipped="0">
  <reporter-output>
  </reporter-output>
  <suite started-at="2019-07-08T11:48:38Z" name="Default suite" finished-at="2019-07-08T11:48:41Z" duration-ms="3281">
    <groups>
    </groups>
    <test started-at="2019-07-08T11:48:38Z" name="Default test" finished-at="2019-07-08T11:48:41Z" duration-ms="3281">
      <class name="restAssured.LibApi">
        <test-method signature="postLibrary(java.lang.String, java.lang.String)[pri:0, instance:restAssured.LibApi@20d3d15a]" started-at="2019-07-08T11:48:38Z" name="postLibrary" data-provider="LibData" finished-at="2019-07-08T11:48:41Z" duration-ms="2907" status="PASS">
          <params>
            <param index="0">
              <value>
                <![CDATA[ssdv]]>
              </value>
            </param>
            <param index="1">
              <value>
                <![CDATA[354]]>
              </value>
            </param>
          </params>
          <reporter-output>
          </reporter-output>
        </test-method> <!-- postLibrary -->
        <test-method signature="postLibrary(java.lang.String, java.lang.String)[pri:0, instance:restAssured.LibApi@20d3d15a]" started-at="2019-07-08T11:48:41Z" name="postLibrary" data-provider="LibData" finished-at="2019-07-08T11:48:41Z" duration-ms="153" status="PASS">
          <params>
            <param index="0">
              <value>
                <![CDATA[sdfs]]>
              </value>
            </param>
            <param index="1">
              <value>
                <![CDATA[746]]>
              </value>
            </param>
          </params>
          <reporter-output>
          </reporter-output>
        </test-method> <!-- postLibrary -->
        <test-method signature="postLibrary(java.lang.String, java.lang.String)[pri:0, instance:restAssured.LibApi@20d3d15a]" started-at="2019-07-08T11:48:41Z" name="postLibrary" data-provider="LibData" finished-at="2019-07-08T11:48:41Z" duration-ms="160" status="PASS">
          <params>
            <param index="0">
              <value>
                <![CDATA[ghje]]>
              </value>
            </param>
            <param index="1">
              <value>
                <![CDATA[399]]>
              </value>
            </param>
          </params>
          <reporter-output>
          </reporter-output>
        </test-method> <!-- postLibrary -->
      </class> <!-- restAssured.LibApi -->
    </test> <!-- Default test -->
  </suite> <!-- Default suite -->
</testng-results>
